<?xml version="1.0" encoding="UTF-8"?>
<!-- Generated by org.testng.reporters.JUnitXMLReporter -->
<testsuite hostname="Laptop-Sw-7" ignored="1" name="Test B" tests="4" failures="0" timestamp="02 may 2019 15:15:47 GMT" time="18.704" errors="0">
  <testcase name="testMethodB" time="3.204" classname="org.testerselenium.intermedio.ParameterByITestContext"/>
  <testcase name="testMethodB" time="3.134" classname="org.testerselenium.intermedio.ParameterByITestContext"/>
  <testcase name="testMethodB" time="3.143" classname="org.testerselenium.intermedio.ParameterByITestContext"/>
  <testcase name="testMethodB" time="3.16" classname="org.testerselenium.intermedio.ParameterByITestContext"/>
  <testcase name="testMethodA" time="0.0" classname="org.testerselenium.intermedio.ParameterByITestContext">
    <ignored/>
  </testcase> <!-- testMethodA -->
</testsuite> <!-- Test B -->
