<?xml version="1.0" encoding="UTF-8"?>
<!-- Generated by org.testng.reporters.JUnitXMLReporter -->
<testsuite hostname="Laptop-Sw-7" ignored="1" name="Test A" tests="4" failures="0" timestamp="02 may 2019 15:15:28 GMT" time="21.977" errors="0">
  <testcase name="testMethodA" time="3.3" classname="org.testerselenium.intermedio.ParameterByITestContext"/>
  <testcase name="testMethodA" time="3.152" classname="org.testerselenium.intermedio.ParameterByITestContext"/>
  <testcase name="testMethodA" time="3.168" classname="org.testerselenium.intermedio.ParameterByITestContext"/>
  <testcase name="testMethodA" time="3.145" classname="org.testerselenium.intermedio.ParameterByITestContext"/>
  <testcase name="testMethodB" time="0.0" classname="org.testerselenium.intermedio.ParameterByITestContext">
    <ignored/>
  </testcase> <!-- testMethodB -->
</testsuite> <!-- Test A -->
