<?xml version="1.0" encoding="UTF-8"?>
<!-- Generated by org.testng.reporters.JUnitXMLReporter -->
<testsuite hostname="LAPTOP-SW-22" ignored="1" name="Command line test" tests="1" failures="0" timestamp="26 abr 2019 18:46:33 GMT" time="9.274" errors="0">
  <testcase name="register" time="1.06" classname="org.testerselenium.intermedio.TestNG"/>
  <testcase name="support" time="0.0" classname="org.testerselenium.intermedio.TestNG">
    <ignored/>
  </testcase> <!-- support -->
</testsuite> <!-- Command line test -->
