<?xml version="1.0" encoding="UTF-8"?>
<testng-results skipped="0" failed="0" ignored="1" total="2" passed="1">
  <reporter-output>
  </reporter-output>
  <suite name="org.testerselenium.intermedio.TestNG" duration-ms="9274" started-at="2019-04-26T18:46:24Z" finished-at="2019-04-26T18:46:33Z">
    <groups>
    </groups>
    <test name="Command line test" duration-ms="9274" started-at="2019-04-26T18:46:24Z" finished-at="2019-04-26T18:46:33Z">
      <class name="org.testerselenium.intermedio.TestNG">
        <test-method status="PASS" signature="launchBrowser()[pri:0, instance:org.testerselenium.intermedio.TestNG@22f71333]" name="launchBrowser" is-config="true" duration-ms="6593" started-at="2019-04-26T18:46:24Z" finished-at="2019-04-26T18:46:31Z">
          <reporter-output>
          </reporter-output>
        </test-method> <!-- launchBrowser -->
        <test-method status="PASS" signature="verifyHomePageTitle()[pri:0, instance:org.testerselenium.intermedio.TestNG@22f71333]" name="verifyHomePageTitle" is-config="true" duration-ms="13" started-at="2019-04-26T18:46:31Z" finished-at="2019-04-26T18:46:31Z">
          <reporter-output>
          </reporter-output>
        </test-method> <!-- verifyHomePageTitle -->
        <test-method status="PASS" signature="register()[pri:1, instance:org.testerselenium.intermedio.TestNG@22f71333]" name="register" duration-ms="1060" started-at="2019-04-26T18:46:31Z" finished-at="2019-04-26T18:46:32Z">
          <reporter-output>
          </reporter-output>
        </test-method> <!-- register -->
        <test-method status="PASS" signature="goBakToHomePage()[pri:0, instance:org.testerselenium.intermedio.TestNG@22f71333]" name="goBakToHomePage" is-config="true" duration-ms="913" started-at="2019-04-26T18:46:32Z" finished-at="2019-04-26T18:46:33Z">
          <reporter-output>
          </reporter-output>
        </test-method> <!-- goBakToHomePage -->
        <test-method status="PASS" signature="tearDown()[pri:0, instance:org.testerselenium.intermedio.TestNG@22f71333]" name="tearDown" is-config="true" duration-ms="668" started-at="2019-04-26T18:46:33Z" finished-at="2019-04-26T18:46:33Z">
          <reporter-output>
          </reporter-output>
        </test-method> <!-- tearDown -->
      </class> <!-- org.testerselenium.intermedio.TestNG -->
    </test> <!-- Command line test -->
  </suite> <!-- org.testerselenium.intermedio.TestNG -->
</testng-results>
