<?xml version="1.0" encoding="UTF-8"?>
<testng-results skipped="0" failed="0" ignored="0" total="2" passed="2">
  <reporter-output>
  </reporter-output>
  <suite name="Default suite" duration-ms="51" started-at="2019-04-26T20:19:08Z" finished-at="2019-04-26T20:19:08Z">
    <groups>
    </groups>
    <test name="Default test" duration-ms="51" started-at="2019-04-26T20:19:08Z" finished-at="2019-04-26T20:19:08Z">
      <class name="org.testerselenium.intermedio.TestNGAnnotations">
        <test-method status="PASS" signature="beforeSuite()[pri:0, instance:org.testerselenium.intermedio.TestNGAnnotations@46d56d67]" name="beforeSuite" is-config="true" duration-ms="21" started-at="2019-04-26T20:19:08Z" finished-at="2019-04-26T20:19:08Z">
          <reporter-output>
          </reporter-output>
        </test-method> <!-- beforeSuite -->
        <test-method status="PASS" signature="beforeTest()[pri:0, instance:org.testerselenium.intermedio.TestNGAnnotations@46d56d67]" name="beforeTest" is-config="true" duration-ms="1" started-at="2019-04-26T20:19:08Z" finished-at="2019-04-26T20:19:08Z">
          <reporter-output>
          </reporter-output>
        </test-method> <!-- beforeTest -->
        <test-method status="PASS" signature="beforeClass()[pri:0, instance:org.testerselenium.intermedio.TestNGAnnotations@46d56d67]" name="beforeClass" is-config="true" duration-ms="0" started-at="2019-04-26T20:19:08Z" finished-at="2019-04-26T20:19:08Z">
          <reporter-output>
          </reporter-output>
        </test-method> <!-- beforeClass -->
        <test-method status="PASS" signature="beforeMethod()[pri:0, instance:org.testerselenium.intermedio.TestNGAnnotations@46d56d67]" name="beforeMethod" is-config="true" duration-ms="1" started-at="2019-04-26T20:19:08Z" finished-at="2019-04-26T20:19:08Z">
          <reporter-output>
          </reporter-output>
        </test-method> <!-- beforeMethod -->
        <test-method status="PASS" signature="testCase1()[pri:0, instance:org.testerselenium.intermedio.TestNGAnnotations@46d56d67]" name="testCase1" duration-ms="6" started-at="2019-04-26T20:19:08Z" finished-at="2019-04-26T20:19:08Z">
          <reporter-output>
          </reporter-output>
        </test-method> <!-- testCase1 -->
        <test-method status="PASS" signature="afterMethod()[pri:0, instance:org.testerselenium.intermedio.TestNGAnnotations@46d56d67]" name="afterMethod" is-config="true" duration-ms="1" started-at="2019-04-26T20:19:08Z" finished-at="2019-04-26T20:19:08Z">
          <reporter-output>
          </reporter-output>
        </test-method> <!-- afterMethod -->
        <test-method status="PASS" signature="beforeMethod()[pri:0, instance:org.testerselenium.intermedio.TestNGAnnotations@46d56d67]" name="beforeMethod" is-config="true" duration-ms="0" started-at="2019-04-26T20:19:08Z" finished-at="2019-04-26T20:19:08Z">
          <reporter-output>
          </reporter-output>
        </test-method> <!-- beforeMethod -->
        <test-method status="PASS" signature="testCase2()[pri:0, instance:org.testerselenium.intermedio.TestNGAnnotations@46d56d67]" name="testCase2" duration-ms="1" started-at="2019-04-26T20:19:08Z" finished-at="2019-04-26T20:19:08Z">
          <reporter-output>
          </reporter-output>
        </test-method> <!-- testCase2 -->
        <test-method status="PASS" signature="afterMethod()[pri:0, instance:org.testerselenium.intermedio.TestNGAnnotations@46d56d67]" name="afterMethod" is-config="true" duration-ms="1" started-at="2019-04-26T20:19:08Z" finished-at="2019-04-26T20:19:08Z">
          <reporter-output>
          </reporter-output>
        </test-method> <!-- afterMethod -->
        <test-method status="PASS" signature="afterClass()[pri:0, instance:org.testerselenium.intermedio.TestNGAnnotations@46d56d67]" name="afterClass" is-config="true" duration-ms="1" started-at="2019-04-26T20:19:08Z" finished-at="2019-04-26T20:19:08Z">
          <reporter-output>
          </reporter-output>
        </test-method> <!-- afterClass -->
        <test-method status="PASS" signature="afterTest()[pri:0, instance:org.testerselenium.intermedio.TestNGAnnotations@46d56d67]" name="afterTest" is-config="true" duration-ms="2" started-at="2019-04-26T20:19:08Z" finished-at="2019-04-26T20:19:08Z">
          <reporter-output>
          </reporter-output>
        </test-method> <!-- afterTest -->
        <test-method status="PASS" signature="afterSuite()[pri:0, instance:org.testerselenium.intermedio.TestNGAnnotations@46d56d67]" name="afterSuite" is-config="true" duration-ms="0" started-at="2019-04-26T20:19:08Z" finished-at="2019-04-26T20:19:08Z">
          <reporter-output>
          </reporter-output>
        </test-method> <!-- afterSuite -->
      </class> <!-- org.testerselenium.intermedio.TestNGAnnotations -->
    </test> <!-- Default test -->
  </suite> <!-- Default suite -->
</testng-results>
